CRITICAL - 2020-10-27 01:31:34 --> Table 'ci4.mahasiswa' doesn't exist
#0 /var/www/html/PPL-CI4-1/vendor/codeigniter4/framework/system/Database/MySQLi/Connection.php(331): mysqli->query()
#1 /var/www/html/PPL-CI4-1/vendor/codeigniter4/framework/system/Database/BaseConnection.php(741): CodeIgniter\Database\MySQLi\Connection->execute()
#2 /var/www/html/PPL-CI4-1/vendor/codeigniter4/framework/system/Database/BaseConnection.php(669): CodeIgniter\Database\BaseConnection->simpleQuery()
#3 /var/www/html/PPL-CI4-1/app/Models/mahasiswaModel.php(15): CodeIgniter\Database\BaseConnection->query()
#4 /var/www/html/PPL-CI4-1/app/Controllers/TestPPLController.php(17): App\Models\mahasiswaModel->getMahasiwa()
#5 /var/www/html/PPL-CI4-1/vendor/codeigniter4/framework/system/CodeIgniter.php(918): App\Controllers\TestPPLController->index()
#6 /var/www/html/PPL-CI4-1/vendor/codeigniter4/framework/system/CodeIgniter.php(404): CodeIgniter\CodeIgniter->runController()
#7 /var/www/html/PPL-CI4-1/vendor/codeigniter4/framework/system/CodeIgniter.php(312): CodeIgniter\CodeIgniter->handleRequest()
#8 /var/www/html/PPL-CI4-1/public/index.php(45): CodeIgniter\CodeIgniter->run()
#9 /var/www/html/PPL-CI4-1/vendor/codeigniter4/framework/system/Commands/Server/rewrite.php(34): require_once('/var/www/html/P...')
#10 {main}
CRITICAL - 2020-10-27 02:29:25 --> Undefined variable: mahasiswa
#0 /var/www/html/PPL-CI4-1/app/Controllers/TestPPLController.php(24): CodeIgniter\Debug\Exceptions->errorHandler()
#1 /var/www/html/PPL-CI4-1/vendor/codeigniter4/framework/system/CodeIgniter.php(918): App\Controllers\TestPPLController->index()
#2 /var/www/html/PPL-CI4-1/vendor/codeigniter4/framework/system/CodeIgniter.php(404): CodeIgniter\CodeIgniter->runController()
#3 /var/www/html/PPL-CI4-1/vendor/codeigniter4/framework/system/CodeIgniter.php(312): CodeIgniter\CodeIgniter->handleRequest()
#4 /var/www/html/PPL-CI4-1/public/index.php(45): CodeIgniter\CodeIgniter->run()
#5 /var/www/html/PPL-CI4-1/vendor/codeigniter4/framework/system/Commands/Server/rewrite.php(34): require_once('/var/www/html/P...')
#6 {main}
CRITICAL - 2020-10-27 02:35:38 --> Unknown column 'well' in 'where clause'
#0 /var/www/html/PPL-CI4-1/vendor/codeigniter4/framework/system/Database/MySQLi/Connection.php(331): mysqli->query()
#1 /var/www/html/PPL-CI4-1/vendor/codeigniter4/framework/system/Database/BaseConnection.php(741): CodeIgniter\Database\MySQLi\Connection->execute()
#2 /var/www/html/PPL-CI4-1/vendor/codeigniter4/framework/system/Database/BaseConnection.php(669): CodeIgniter\Database\BaseConnection->simpleQuery()
#3 /var/www/html/PPL-CI4-1/app/Models/mahasiswaModel.php(30): CodeIgniter\Database\BaseConnection->query()
#4 /var/www/html/PPL-CI4-1/app/Controllers/TestPPLController.php(19): App\Models\mahasiswaModel->search()
#5 /var/www/html/PPL-CI4-1/vendor/codeigniter4/framework/system/CodeIgniter.php(918): App\Controllers\TestPPLController->index()
#6 /var/www/html/PPL-CI4-1/vendor/codeigniter4/framework/system/CodeIgniter.php(404): CodeIgniter\CodeIgniter->runController()
#7 /var/www/html/PPL-CI4-1/vendor/codeigniter4/framework/system/CodeIgniter.php(312): CodeIgniter\CodeIgniter->handleRequest()
#8 /var/www/html/PPL-CI4-1/public/index.php(45): CodeIgniter\CodeIgniter->run()
#9 /var/www/html/PPL-CI4-1/vendor/codeigniter4/framework/system/Commands/Server/rewrite.php(34): require_once('/var/www/html/P...')
#10 {main}
CRITICAL - 2020-10-27 03:28:39 --> Duplicate entry '181511065' for key 'PRIMARY'
#0 /var/www/html/PPL-CI4-1/vendor/codeigniter4/framework/system/Database/MySQLi/Connection.php(331): mysqli->query()
#1 /var/www/html/PPL-CI4-1/vendor/codeigniter4/framework/system/Database/BaseConnection.php(741): CodeIgniter\Database\MySQLi\Connection->execute()
#2 /var/www/html/PPL-CI4-1/vendor/codeigniter4/framework/system/Database/BaseConnection.php(669): CodeIgniter\Database\BaseConnection->simpleQuery()
#3 /var/www/html/PPL-CI4-1/app/Models/mahasiswaModel.php(26): CodeIgniter\Database\BaseConnection->query()
#4 /var/www/html/PPL-CI4-1/app/Controllers/TestPPLController.php(44): App\Models\mahasiswaModel->addMahasiswa()
#5 /var/www/html/PPL-CI4-1/vendor/codeigniter4/framework/system/CodeIgniter.php(918): App\Controllers\TestPPLController->save()
#6 /var/www/html/PPL-CI4-1/vendor/codeigniter4/framework/system/CodeIgniter.php(404): CodeIgniter\CodeIgniter->runController()
#7 /var/www/html/PPL-CI4-1/vendor/codeigniter4/framework/system/CodeIgniter.php(312): CodeIgniter\CodeIgniter->handleRequest()
#8 /var/www/html/PPL-CI4-1/public/index.php(45): CodeIgniter\CodeIgniter->run()
#9 /var/www/html/PPL-CI4-1/vendor/codeigniter4/framework/system/Commands/Server/rewrite.php(34): require_once('/var/www/html/P...')
#10 {main}
CRITICAL - 2020-10-27 03:45:18 --> Cannot use object of type stdClass as array
#0 /var/www/html/PPL-CI4-1/vendor/codeigniter4/framework/system/View/View.php(246): include()
#1 /var/www/html/PPL-CI4-1/vendor/codeigniter4/framework/system/Common.php(1119): CodeIgniter\View\View->render()
#2 /var/www/html/PPL-CI4-1/app/Controllers/TestPPLController.php(27): view()
#3 /var/www/html/PPL-CI4-1/vendor/codeigniter4/framework/system/CodeIgniter.php(918): App\Controllers\TestPPLController->index()
#4 /var/www/html/PPL-CI4-1/vendor/codeigniter4/framework/system/CodeIgniter.php(404): CodeIgniter\CodeIgniter->runController()
#5 /var/www/html/PPL-CI4-1/vendor/codeigniter4/framework/system/CodeIgniter.php(312): CodeIgniter\CodeIgniter->handleRequest()
#6 /var/www/html/PPL-CI4-1/public/index.php(45): CodeIgniter\CodeIgniter->run()
#7 /var/www/html/PPL-CI4-1/vendor/codeigniter4/framework/system/Commands/Server/rewrite.php(34): require_once('/var/www/html/P...')
#8 {main}
CRITICAL - 2020-10-27 03:46:35 --> Cannot use object of type stdClass as array
#0 /var/www/html/PPL-CI4-1/vendor/codeigniter4/framework/system/View/View.php(246): include()
#1 /var/www/html/PPL-CI4-1/vendor/codeigniter4/framework/system/Common.php(1119): CodeIgniter\View\View->render()
#2 /var/www/html/PPL-CI4-1/app/Controllers/TestPPLController.php(27): view()
#3 /var/www/html/PPL-CI4-1/vendor/codeigniter4/framework/system/CodeIgniter.php(918): App\Controllers\TestPPLController->index()
#4 /var/www/html/PPL-CI4-1/vendor/codeigniter4/framework/system/CodeIgniter.php(404): CodeIgniter\CodeIgniter->runController()
#5 /var/www/html/PPL-CI4-1/vendor/codeigniter4/framework/system/CodeIgniter.php(312): CodeIgniter\CodeIgniter->handleRequest()
#6 /var/www/html/PPL-CI4-1/public/index.php(45): CodeIgniter\CodeIgniter->run()
#7 /var/www/html/PPL-CI4-1/vendor/codeigniter4/framework/system/Commands/Server/rewrite.php(34): require_once('/var/www/html/P...')
#8 {main}
CRITICAL - 2020-10-27 03:48:48 --> Cannot use object of type stdClass as array
#0 /var/www/html/PPL-CI4-1/vendor/codeigniter4/framework/system/View/View.php(246): include()
#1 /var/www/html/PPL-CI4-1/vendor/codeigniter4/framework/system/Common.php(1119): CodeIgniter\View\View->render()
#2 /var/www/html/PPL-CI4-1/app/Controllers/TestPPLController.php(27): view()
#3 /var/www/html/PPL-CI4-1/vendor/codeigniter4/framework/system/CodeIgniter.php(918): App\Controllers\TestPPLController->index()
#4 /var/www/html/PPL-CI4-1/vendor/codeigniter4/framework/system/CodeIgniter.php(404): CodeIgniter\CodeIgniter->runController()
#5 /var/www/html/PPL-CI4-1/vendor/codeigniter4/framework/system/CodeIgniter.php(312): CodeIgniter\CodeIgniter->handleRequest()
#6 /var/www/html/PPL-CI4-1/public/index.php(45): CodeIgniter\CodeIgniter->run()
#7 /var/www/html/PPL-CI4-1/vendor/codeigniter4/framework/system/Commands/Server/rewrite.php(34): require_once('/var/www/html/P...')
#8 {main}
CRITICAL - 2020-10-27 03:48:49 --> Cannot use object of type stdClass as array
#0 /var/www/html/PPL-CI4-1/vendor/codeigniter4/framework/system/View/View.php(246): include()
#1 /var/www/html/PPL-CI4-1/vendor/codeigniter4/framework/system/Common.php(1119): CodeIgniter\View\View->render()
#2 /var/www/html/PPL-CI4-1/app/Controllers/TestPPLController.php(27): view()
#3 /var/www/html/PPL-CI4-1/vendor/codeigniter4/framework/system/CodeIgniter.php(918): App\Controllers\TestPPLController->index()
#4 /var/www/html/PPL-CI4-1/vendor/codeigniter4/framework/system/CodeIgniter.php(404): CodeIgniter\CodeIgniter->runController()
#5 /var/www/html/PPL-CI4-1/vendor/codeigniter4/framework/system/CodeIgniter.php(312): CodeIgniter\CodeIgniter->handleRequest()
#6 /var/www/html/PPL-CI4-1/public/index.php(45): CodeIgniter\CodeIgniter->run()
#7 /var/www/html/PPL-CI4-1/vendor/codeigniter4/framework/system/Commands/Server/rewrite.php(34): require_once('/var/www/html/P...')
#8 {main}
CRITICAL - 2020-10-27 03:48:55 --> Duplicate entry '181511055' for key 'PRIMARY'
#0 /var/www/html/PPL-CI4-1/vendor/codeigniter4/framework/system/Database/MySQLi/Connection.php(331): mysqli->query()
#1 /var/www/html/PPL-CI4-1/vendor/codeigniter4/framework/system/Database/BaseConnection.php(741): CodeIgniter\Database\MySQLi\Connection->execute()
#2 /var/www/html/PPL-CI4-1/vendor/codeigniter4/framework/system/Database/BaseConnection.php(669): CodeIgniter\Database\BaseConnection->simpleQuery()
#3 /var/www/html/PPL-CI4-1/app/Models/mahasiswaModel.php(26): CodeIgniter\Database\BaseConnection->query()
#4 /var/www/html/PPL-CI4-1/app/Controllers/TestPPLController.php(44): App\Models\mahasiswaModel->addMahasiswa()
#5 /var/www/html/PPL-CI4-1/vendor/codeigniter4/framework/system/CodeIgniter.php(918): App\Controllers\TestPPLController->save()
#6 /var/www/html/PPL-CI4-1/vendor/codeigniter4/framework/system/CodeIgniter.php(404): CodeIgniter\CodeIgniter->runController()
#7 /var/www/html/PPL-CI4-1/vendor/codeigniter4/framework/system/CodeIgniter.php(312): CodeIgniter\CodeIgniter->handleRequest()
#8 /var/www/html/PPL-CI4-1/public/index.php(45): CodeIgniter\CodeIgniter->run()
#9 /var/www/html/PPL-CI4-1/vendor/codeigniter4/framework/system/Commands/Server/rewrite.php(34): require_once('/var/www/html/P...')
#10 {main}
CRITICAL - 2020-10-27 03:48:58 --> Cannot use object of type stdClass as array
#0 /var/www/html/PPL-CI4-1/vendor/codeigniter4/framework/system/View/View.php(246): include()
#1 /var/www/html/PPL-CI4-1/vendor/codeigniter4/framework/system/Common.php(1119): CodeIgniter\View\View->render()
#2 /var/www/html/PPL-CI4-1/app/Controllers/TestPPLController.php(27): view()
#3 /var/www/html/PPL-CI4-1/vendor/codeigniter4/framework/system/CodeIgniter.php(918): App\Controllers\TestPPLController->index()
#4 /var/www/html/PPL-CI4-1/vendor/codeigniter4/framework/system/CodeIgniter.php(404): CodeIgniter\CodeIgniter->runController()
#5 /var/www/html/PPL-CI4-1/vendor/codeigniter4/framework/system/CodeIgniter.php(312): CodeIgniter\CodeIgniter->handleRequest()
#6 /var/www/html/PPL-CI4-1/public/index.php(45): CodeIgniter\CodeIgniter->run()
#7 /var/www/html/PPL-CI4-1/vendor/codeigniter4/framework/system/Commands/Server/rewrite.php(34): require_once('/var/www/html/P...')
#8 {main}
CRITICAL - 2020-10-27 03:49:44 --> Cannot use object of type stdClass as array
#0 /var/www/html/PPL-CI4-1/vendor/codeigniter4/framework/system/View/View.php(246): include()
#1 /var/www/html/PPL-CI4-1/vendor/codeigniter4/framework/system/Common.php(1119): CodeIgniter\View\View->render()
#2 /var/www/html/PPL-CI4-1/app/Controllers/TestPPLController.php(27): view()
#3 /var/www/html/PPL-CI4-1/vendor/codeigniter4/framework/system/CodeIgniter.php(918): App\Controllers\TestPPLController->index()
#4 /var/www/html/PPL-CI4-1/vendor/codeigniter4/framework/system/CodeIgniter.php(404): CodeIgniter\CodeIgniter->runController()
#5 /var/www/html/PPL-CI4-1/vendor/codeigniter4/framework/system/CodeIgniter.php(312): CodeIgniter\CodeIgniter->handleRequest()
#6 /var/www/html/PPL-CI4-1/public/index.php(45): CodeIgniter\CodeIgniter->run()
#7 /var/www/html/PPL-CI4-1/vendor/codeigniter4/framework/system/Commands/Server/rewrite.php(34): require_once('/var/www/html/P...')
#8 {main}
CRITICAL - 2020-10-27 03:50:13 --> Duplicate entry '181511046' for key 'PRIMARY'
#0 /var/www/html/PPL-CI4-1/vendor/codeigniter4/framework/system/Database/MySQLi/Connection.php(331): mysqli->query()
#1 /var/www/html/PPL-CI4-1/vendor/codeigniter4/framework/system/Database/BaseConnection.php(741): CodeIgniter\Database\MySQLi\Connection->execute()
#2 /var/www/html/PPL-CI4-1/vendor/codeigniter4/framework/system/Database/BaseConnection.php(669): CodeIgniter\Database\BaseConnection->simpleQuery()
#3 /var/www/html/PPL-CI4-1/app/Models/mahasiswaModel.php(26): CodeIgniter\Database\BaseConnection->query()
#4 /var/www/html/PPL-CI4-1/app/Controllers/TestPPLController.php(44): App\Models\mahasiswaModel->addMahasiswa()
#5 /var/www/html/PPL-CI4-1/vendor/codeigniter4/framework/system/CodeIgniter.php(918): App\Controllers\TestPPLController->save()
#6 /var/www/html/PPL-CI4-1/vendor/codeigniter4/framework/system/CodeIgniter.php(404): CodeIgniter\CodeIgniter->runController()
#7 /var/www/html/PPL-CI4-1/vendor/codeigniter4/framework/system/CodeIgniter.php(312): CodeIgniter\CodeIgniter->handleRequest()
#8 /var/www/html/PPL-CI4-1/public/index.php(45): CodeIgniter\CodeIgniter->run()
#9 /var/www/html/PPL-CI4-1/vendor/codeigniter4/framework/system/Commands/Server/rewrite.php(34): require_once('/var/www/html/P...')
#10 {main}
CRITICAL - 2020-10-27 03:50:38 --> Duplicate entry '181511046' for key 'PRIMARY'
#0 /var/www/html/PPL-CI4-1/vendor/codeigniter4/framework/system/Database/MySQLi/Connection.php(331): mysqli->query()
#1 /var/www/html/PPL-CI4-1/vendor/codeigniter4/framework/system/Database/BaseConnection.php(741): CodeIgniter\Database\MySQLi\Connection->execute()
#2 /var/www/html/PPL-CI4-1/vendor/codeigniter4/framework/system/Database/BaseConnection.php(669): CodeIgniter\Database\BaseConnection->simpleQuery()
#3 /var/www/html/PPL-CI4-1/app/Models/mahasiswaModel.php(26): CodeIgniter\Database\BaseConnection->query()
#4 /var/www/html/PPL-CI4-1/app/Controllers/TestPPLController.php(44): App\Models\mahasiswaModel->addMahasiswa()
#5 /var/www/html/PPL-CI4-1/vendor/codeigniter4/framework/system/CodeIgniter.php(918): App\Controllers\TestPPLController->save()
#6 /var/www/html/PPL-CI4-1/vendor/codeigniter4/framework/system/CodeIgniter.php(404): CodeIgniter\CodeIgniter->runController()
#7 /var/www/html/PPL-CI4-1/vendor/codeigniter4/framework/system/CodeIgniter.php(312): CodeIgniter\CodeIgniter->handleRequest()
#8 /var/www/html/PPL-CI4-1/public/index.php(45): CodeIgniter\CodeIgniter->run()
#9 /var/www/html/PPL-CI4-1/vendor/codeigniter4/framework/system/Commands/Server/rewrite.php(34): require_once('/var/www/html/P...')
#10 {main}
CRITICAL - 2020-10-27 04:21:25 --> Call to undefined method App\Models\mahasiswaModel::searchMahasiswa
#0 /var/www/html/PPL-CI4-1/app/Controllers/TestPPLController.php(19): CodeIgniter\Model->__call()
#1 /var/www/html/PPL-CI4-1/vendor/codeigniter4/framework/system/CodeIgniter.php(918): App\Controllers\TestPPLController->index()
#2 /var/www/html/PPL-CI4-1/vendor/codeigniter4/framework/system/CodeIgniter.php(404): CodeIgniter\CodeIgniter->runController()
#3 /var/www/html/PPL-CI4-1/vendor/codeigniter4/framework/system/CodeIgniter.php(312): CodeIgniter\CodeIgniter->handleRequest()
#4 /var/www/html/PPL-CI4-1/public/index.php(45): CodeIgniter\CodeIgniter->run()
#5 /var/www/html/PPL-CI4-1/vendor/codeigniter4/framework/system/Commands/Server/rewrite.php(34): require_once('/var/www/html/P...')
#6 {main}
CRITICAL - 2020-10-27 04:23:49 --> Duplicate entry '181511011' for key 'PRIMARY'
#0 /var/www/html/PPL-CI4-1/vendor/codeigniter4/framework/system/Database/MySQLi/Connection.php(331): mysqli->query()
#1 /var/www/html/PPL-CI4-1/vendor/codeigniter4/framework/system/Database/BaseConnection.php(741): CodeIgniter\Database\MySQLi\Connection->execute()
#2 /var/www/html/PPL-CI4-1/vendor/codeigniter4/framework/system/Database/BaseConnection.php(669): CodeIgniter\Database\BaseConnection->simpleQuery()
#3 /var/www/html/PPL-CI4-1/app/Models/mahasiswaModel.php(26): CodeIgniter\Database\BaseConnection->query()
#4 /var/www/html/PPL-CI4-1/app/Controllers/TestPPLController.php(44): App\Models\mahasiswaModel->addMahasiswa()
#5 /var/www/html/PPL-CI4-1/vendor/codeigniter4/framework/system/CodeIgniter.php(918): App\Controllers\TestPPLController->save()
#6 /var/www/html/PPL-CI4-1/vendor/codeigniter4/framework/system/CodeIgniter.php(404): CodeIgniter\CodeIgniter->runController()
#7 /var/www/html/PPL-CI4-1/vendor/codeigniter4/framework/system/CodeIgniter.php(312): CodeIgniter\CodeIgniter->handleRequest()
#8 /var/www/html/PPL-CI4-1/public/index.php(45): CodeIgniter\CodeIgniter->run()
#9 /var/www/html/PPL-CI4-1/vendor/codeigniter4/framework/system/Commands/Server/rewrite.php(34): require_once('/var/www/html/P...')
#10 {main}
CRITICAL - 2020-10-27 04:36:39 --> Call to undefined method App\Models\mahasiswaModel::getMahasiswa
#0 /var/www/html/PPL-CI4-1/app/Controllers/TestPPLController.php(49): CodeIgniter\Model->__call()
#1 /var/www/html/PPL-CI4-1/vendor/codeigniter4/framework/system/CodeIgniter.php(918): App\Controllers\TestPPLController->detail()
#2 /var/www/html/PPL-CI4-1/vendor/codeigniter4/framework/system/CodeIgniter.php(404): CodeIgniter\CodeIgniter->runController()
#3 /var/www/html/PPL-CI4-1/vendor/codeigniter4/framework/system/CodeIgniter.php(312): CodeIgniter\CodeIgniter->handleRequest()
#4 /var/www/html/PPL-CI4-1/public/index.php(45): CodeIgniter\CodeIgniter->run()
#5 /var/www/html/PPL-CI4-1/vendor/codeigniter4/framework/system/Commands/Server/rewrite.php(34): require_once('/var/www/html/P...')
#6 {main}
CRITICAL - 2020-10-27 04:38:05 --> Trying to get property 'nama_mahasiswa' of non-object
#0 /var/www/html/PPL-CI4-1/app/Views/Mahasiswa/detail.php(15): CodeIgniter\Debug\Exceptions->errorHandler()
#1 /var/www/html/PPL-CI4-1/vendor/codeigniter4/framework/system/View/View.php(246): include('/var/www/html/P...')
#2 /var/www/html/PPL-CI4-1/vendor/codeigniter4/framework/system/Common.php(1119): CodeIgniter\View\View->render()
#3 /var/www/html/PPL-CI4-1/app/Controllers/TestPPLController.php(53): view()
#4 /var/www/html/PPL-CI4-1/vendor/codeigniter4/framework/system/CodeIgniter.php(918): App\Controllers\TestPPLController->detail()
#5 /var/www/html/PPL-CI4-1/vendor/codeigniter4/framework/system/CodeIgniter.php(404): CodeIgniter\CodeIgniter->runController()
#6 /var/www/html/PPL-CI4-1/vendor/codeigniter4/framework/system/CodeIgniter.php(312): CodeIgniter\CodeIgniter->handleRequest()
#7 /var/www/html/PPL-CI4-1/public/index.php(45): CodeIgniter\CodeIgniter->run()
#8 /var/www/html/PPL-CI4-1/vendor/codeigniter4/framework/system/Commands/Server/rewrite.php(34): require_once('/var/www/html/P...')
#9 {main}
CRITICAL - 2020-10-27 05:10:11 --> Duplicate entry '18151101' for key 'PRIMARY'
#0 /var/www/html/PPL-CI4-1/vendor/codeigniter4/framework/system/Database/MySQLi/Connection.php(331): mysqli->query()
#1 /var/www/html/PPL-CI4-1/vendor/codeigniter4/framework/system/Database/BaseConnection.php(741): CodeIgniter\Database\MySQLi\Connection->execute()
#2 /var/www/html/PPL-CI4-1/vendor/codeigniter4/framework/system/Database/BaseConnection.php(669): CodeIgniter\Database\BaseConnection->simpleQuery()
#3 /var/www/html/PPL-CI4-1/app/Models/mahasiswaModel.php(33): CodeIgniter\Database\BaseConnection->query()
#4 /var/www/html/PPL-CI4-1/app/Controllers/TestPPLController.php(44): App\Models\mahasiswaModel->addMahasiswa()
#5 /var/www/html/PPL-CI4-1/vendor/codeigniter4/framework/system/CodeIgniter.php(918): App\Controllers\TestPPLController->save()
#6 /var/www/html/PPL-CI4-1/vendor/codeigniter4/framework/system/CodeIgniter.php(404): CodeIgniter\CodeIgniter->runController()
#7 /var/www/html/PPL-CI4-1/vendor/codeigniter4/framework/system/CodeIgniter.php(312): CodeIgniter\CodeIgniter->handleRequest()
#8 /var/www/html/PPL-CI4-1/public/index.php(45): CodeIgniter\CodeIgniter->run()
#9 /var/www/html/PPL-CI4-1/vendor/codeigniter4/framework/system/Commands/Server/rewrite.php(34): require_once('/var/www/html/P...')
#10 {main}
CRITICAL - 2020-10-27 05:15:10 --> Duplicate entry '18151102' for key 'PRIMARY'
#0 /var/www/html/PPL-CI4-1/vendor/codeigniter4/framework/system/Database/MySQLi/Connection.php(331): mysqli->query()
#1 /var/www/html/PPL-CI4-1/vendor/codeigniter4/framework/system/Database/BaseConnection.php(741): CodeIgniter\Database\MySQLi\Connection->execute()
#2 /var/www/html/PPL-CI4-1/vendor/codeigniter4/framework/system/Database/BaseConnection.php(669): CodeIgniter\Database\BaseConnection->simpleQuery()
#3 /var/www/html/PPL-CI4-1/app/Models/mahasiswaModel.php(33): CodeIgniter\Database\BaseConnection->query()
#4 /var/www/html/PPL-CI4-1/app/Controllers/TestPPLController.php(44): App\Models\mahasiswaModel->addMahasiswa()
#5 /var/www/html/PPL-CI4-1/vendor/codeigniter4/framework/system/CodeIgniter.php(918): App\Controllers\TestPPLController->save()
#6 /var/www/html/PPL-CI4-1/vendor/codeigniter4/framework/system/CodeIgniter.php(404): CodeIgniter\CodeIgniter->runController()
#7 /var/www/html/PPL-CI4-1/vendor/codeigniter4/framework/system/CodeIgniter.php(312): CodeIgniter\CodeIgniter->handleRequest()
#8 /var/www/html/PPL-CI4-1/public/index.php(45): CodeIgniter\CodeIgniter->run()
#9 /var/www/html/PPL-CI4-1/vendor/codeigniter4/framework/system/Commands/Server/rewrite.php(34): require_once('/var/www/html/P...')
#10 {main}
CRITICAL - 2020-10-27 05:20:19 --> 
#0 /var/www/html/PPL-CI4-1/app/Controllers/TestPPLController.php(44): App\Models\mahasiswaModel->addMahasiswa()
#1 /var/www/html/PPL-CI4-1/vendor/codeigniter4/framework/system/CodeIgniter.php(918): App\Controllers\TestPPLController->save()
#2 /var/www/html/PPL-CI4-1/vendor/codeigniter4/framework/system/CodeIgniter.php(404): CodeIgniter\CodeIgniter->runController()
#3 /var/www/html/PPL-CI4-1/vendor/codeigniter4/framework/system/CodeIgniter.php(312): CodeIgniter\CodeIgniter->handleRequest()
#4 /var/www/html/PPL-CI4-1/public/index.php(45): CodeIgniter\CodeIgniter->run()
#5 /var/www/html/PPL-CI4-1/vendor/codeigniter4/framework/system/Commands/Server/rewrite.php(34): require_once('/var/www/html/P...')
#6 {main}
CRITICAL - 2020-10-27 08:18:42 --> Undefined index: id
#0 /var/www/html/PPL-CI4-1/app/Controllers/TestPPLController.php(58): CodeIgniter\Debug\Exceptions->errorHandler()
#1 /var/www/html/PPL-CI4-1/vendor/codeigniter4/framework/system/CodeIgniter.php(918): App\Controllers\TestPPLController->detail()
#2 /var/www/html/PPL-CI4-1/vendor/codeigniter4/framework/system/CodeIgniter.php(404): CodeIgniter\CodeIgniter->runController()
#3 /var/www/html/PPL-CI4-1/vendor/codeigniter4/framework/system/CodeIgniter.php(312): CodeIgniter\CodeIgniter->handleRequest()
#4 /var/www/html/PPL-CI4-1/public/index.php(45): CodeIgniter\CodeIgniter->run()
#5 /var/www/html/PPL-CI4-1/vendor/codeigniter4/framework/system/Commands/Server/rewrite.php(34): require_once('/var/www/html/P...')
#6 {main}
