CRITICAL - 2020-12-01 02:14:59 --> Undefined variable: news
#0 /var/www/html/PPL-CI4-1/app/Views/news/v_newsIndex.php(50): CodeIgniter\Debug\Exceptions->errorHandler()
#1 /var/www/html/PPL-CI4-1/vendor/codeigniter4/framework/system/View/View.php(246): include('/var/www/html/P...')
#2 /var/www/html/PPL-CI4-1/vendor/codeigniter4/framework/system/Common.php(1119): CodeIgniter\View\View->render()
#3 /var/www/html/PPL-CI4-1/app/Controllers/c_login.php(35): view()
#4 /var/www/html/PPL-CI4-1/vendor/codeigniter4/framework/system/CodeIgniter.php(918): App\Controllers\c_login->login()
#5 /var/www/html/PPL-CI4-1/vendor/codeigniter4/framework/system/CodeIgniter.php(404): CodeIgniter\CodeIgniter->runController()
#6 /var/www/html/PPL-CI4-1/vendor/codeigniter4/framework/system/CodeIgniter.php(312): CodeIgniter\CodeIgniter->handleRequest()
#7 /var/www/html/PPL-CI4-1/public/index.php(45): CodeIgniter\CodeIgniter->run()
#8 /var/www/html/PPL-CI4-1/vendor/codeigniter4/framework/system/Commands/Server/rewrite.php(34): require_once('/var/www/html/P...')
#9 {main}
CRITICAL - 2020-12-01 02:19:21 --> Undefined variable: news
#0 /var/www/html/PPL-CI4-1/app/Views/news/v_newsIndex.php(50): CodeIgniter\Debug\Exceptions->errorHandler()
#1 /var/www/html/PPL-CI4-1/vendor/codeigniter4/framework/system/View/View.php(246): include('/var/www/html/P...')
#2 /var/www/html/PPL-CI4-1/vendor/codeigniter4/framework/system/Common.php(1119): CodeIgniter\View\View->render()
#3 /var/www/html/PPL-CI4-1/app/Controllers/c_login.php(35): view()
#4 /var/www/html/PPL-CI4-1/vendor/codeigniter4/framework/system/CodeIgniter.php(918): App\Controllers\c_login->login()
#5 /var/www/html/PPL-CI4-1/vendor/codeigniter4/framework/system/CodeIgniter.php(404): CodeIgniter\CodeIgniter->runController()
#6 /var/www/html/PPL-CI4-1/vendor/codeigniter4/framework/system/CodeIgniter.php(312): CodeIgniter\CodeIgniter->handleRequest()
#7 /var/www/html/PPL-CI4-1/public/index.php(45): CodeIgniter\CodeIgniter->run()
#8 /var/www/html/PPL-CI4-1/vendor/codeigniter4/framework/system/Commands/Server/rewrite.php(34): require_once('/var/www/html/P...')
#9 {main}
CRITICAL - 2020-12-01 02:20:28 --> Call to undefined method App\Models\m_news::getAllMahasiwa
#0 /var/www/html/PPL-CI4-1/app/Controllers/c_news.php(20): CodeIgniter\Model->__call()
#1 /var/www/html/PPL-CI4-1/vendor/codeigniter4/framework/system/CodeIgniter.php(918): App\Controllers\c_news->index()
#2 /var/www/html/PPL-CI4-1/vendor/codeigniter4/framework/system/CodeIgniter.php(404): CodeIgniter\CodeIgniter->runController()
#3 /var/www/html/PPL-CI4-1/vendor/codeigniter4/framework/system/CodeIgniter.php(312): CodeIgniter\CodeIgniter->handleRequest()
#4 /var/www/html/PPL-CI4-1/public/index.php(45): CodeIgniter\CodeIgniter->run()
#5 /var/www/html/PPL-CI4-1/vendor/codeigniter4/framework/system/Commands/Server/rewrite.php(34): require_once('/var/www/html/P...')
#6 {main}
CRITICAL - 2020-12-01 02:21:03 --> Array to string conversion
#0 /var/www/html/PPL-CI4-1/app/Controllers/c_news.php(26): CodeIgniter\Debug\Exceptions->errorHandler()
#1 /var/www/html/PPL-CI4-1/vendor/codeigniter4/framework/system/CodeIgniter.php(918): App\Controllers\c_news->index()
#2 /var/www/html/PPL-CI4-1/vendor/codeigniter4/framework/system/CodeIgniter.php(404): CodeIgniter\CodeIgniter->runController()
#3 /var/www/html/PPL-CI4-1/vendor/codeigniter4/framework/system/CodeIgniter.php(312): CodeIgniter\CodeIgniter->handleRequest()
#4 /var/www/html/PPL-CI4-1/public/index.php(45): CodeIgniter\CodeIgniter->run()
#5 /var/www/html/PPL-CI4-1/vendor/codeigniter4/framework/system/Commands/Server/rewrite.php(34): require_once('/var/www/html/P...')
#6 {main}
CRITICAL - 2020-12-01 02:21:17 --> Undefined property: stdClass::$id
#0 /var/www/html/PPL-CI4-1/app/Views/news/v_newsIndex.php(59): CodeIgniter\Debug\Exceptions->errorHandler()
#1 /var/www/html/PPL-CI4-1/vendor/codeigniter4/framework/system/View/View.php(246): include('/var/www/html/P...')
#2 /var/www/html/PPL-CI4-1/vendor/codeigniter4/framework/system/Common.php(1119): CodeIgniter\View\View->render()
#3 /var/www/html/PPL-CI4-1/app/Controllers/c_news.php(29): view()
#4 /var/www/html/PPL-CI4-1/vendor/codeigniter4/framework/system/CodeIgniter.php(918): App\Controllers\c_news->index()
#5 /var/www/html/PPL-CI4-1/vendor/codeigniter4/framework/system/CodeIgniter.php(404): CodeIgniter\CodeIgniter->runController()
#6 /var/www/html/PPL-CI4-1/vendor/codeigniter4/framework/system/CodeIgniter.php(312): CodeIgniter\CodeIgniter->handleRequest()
#7 /var/www/html/PPL-CI4-1/public/index.php(45): CodeIgniter\CodeIgniter->run()
#8 /var/www/html/PPL-CI4-1/vendor/codeigniter4/framework/system/Commands/Server/rewrite.php(34): require_once('/var/www/html/P...')
#9 {main}
CRITICAL - 2020-12-01 02:28:52 --> A non-numeric value encountered
#0 /var/www/html/PPL-CI4-1/app/Views/news/v_newsIndex.php(54): CodeIgniter\Debug\Exceptions->errorHandler()
#1 /var/www/html/PPL-CI4-1/vendor/codeigniter4/framework/system/View/View.php(246): include('/var/www/html/P...')
#2 /var/www/html/PPL-CI4-1/vendor/codeigniter4/framework/system/Common.php(1119): CodeIgniter\View\View->render()
#3 /var/www/html/PPL-CI4-1/app/Controllers/c_news.php(29): view()
#4 /var/www/html/PPL-CI4-1/vendor/codeigniter4/framework/system/CodeIgniter.php(918): App\Controllers\c_news->index()
#5 /var/www/html/PPL-CI4-1/vendor/codeigniter4/framework/system/CodeIgniter.php(404): CodeIgniter\CodeIgniter->runController()
#6 /var/www/html/PPL-CI4-1/vendor/codeigniter4/framework/system/CodeIgniter.php(312): CodeIgniter\CodeIgniter->handleRequest()
#7 /var/www/html/PPL-CI4-1/public/index.php(45): CodeIgniter\CodeIgniter->run()
#8 /var/www/html/PPL-CI4-1/vendor/codeigniter4/framework/system/Commands/Server/rewrite.php(34): require_once('/var/www/html/P...')
#9 {main}
CRITICAL - 2020-12-01 02:29:36 --> A non-numeric value encountered
#0 /var/www/html/PPL-CI4-1/app/Views/news/v_newsIndex.php(54): CodeIgniter\Debug\Exceptions->errorHandler()
#1 /var/www/html/PPL-CI4-1/vendor/codeigniter4/framework/system/View/View.php(246): include('/var/www/html/P...')
#2 /var/www/html/PPL-CI4-1/vendor/codeigniter4/framework/system/Common.php(1119): CodeIgniter\View\View->render()
#3 /var/www/html/PPL-CI4-1/app/Controllers/c_news.php(29): view()
#4 /var/www/html/PPL-CI4-1/vendor/codeigniter4/framework/system/CodeIgniter.php(918): App\Controllers\c_news->index()
#5 /var/www/html/PPL-CI4-1/vendor/codeigniter4/framework/system/CodeIgniter.php(404): CodeIgniter\CodeIgniter->runController()
#6 /var/www/html/PPL-CI4-1/vendor/codeigniter4/framework/system/CodeIgniter.php(312): CodeIgniter\CodeIgniter->handleRequest()
#7 /var/www/html/PPL-CI4-1/public/index.php(45): CodeIgniter\CodeIgniter->run()
#8 /var/www/html/PPL-CI4-1/vendor/codeigniter4/framework/system/Commands/Server/rewrite.php(34): require_once('/var/www/html/P...')
#9 {main}
CRITICAL - 2020-12-01 02:30:08 --> A non-numeric value encountered
#0 /var/www/html/PPL-CI4-1/app/Views/news/v_newsIndex.php(54): CodeIgniter\Debug\Exceptions->errorHandler()
#1 /var/www/html/PPL-CI4-1/vendor/codeigniter4/framework/system/View/View.php(246): include('/var/www/html/P...')
#2 /var/www/html/PPL-CI4-1/vendor/codeigniter4/framework/system/Common.php(1119): CodeIgniter\View\View->render()
#3 /var/www/html/PPL-CI4-1/app/Controllers/c_news.php(29): view()
#4 /var/www/html/PPL-CI4-1/vendor/codeigniter4/framework/system/CodeIgniter.php(918): App\Controllers\c_news->index()
#5 /var/www/html/PPL-CI4-1/vendor/codeigniter4/framework/system/CodeIgniter.php(404): CodeIgniter\CodeIgniter->runController()
#6 /var/www/html/PPL-CI4-1/vendor/codeigniter4/framework/system/CodeIgniter.php(312): CodeIgniter\CodeIgniter->handleRequest()
#7 /var/www/html/PPL-CI4-1/public/index.php(45): CodeIgniter\CodeIgniter->run()
#8 /var/www/html/PPL-CI4-1/vendor/codeigniter4/framework/system/Commands/Server/rewrite.php(34): require_once('/var/www/html/P...')
#9 {main}
CRITICAL - 2020-12-01 02:32:24 --> A non-numeric value encountered
#0 /var/www/html/PPL-CI4-1/app/Views/news/v_newsIndex.php(55): CodeIgniter\Debug\Exceptions->errorHandler()
#1 /var/www/html/PPL-CI4-1/vendor/codeigniter4/framework/system/View/View.php(246): include('/var/www/html/P...')
#2 /var/www/html/PPL-CI4-1/vendor/codeigniter4/framework/system/Common.php(1119): CodeIgniter\View\View->render()
#3 /var/www/html/PPL-CI4-1/app/Controllers/c_news.php(29): view()
#4 /var/www/html/PPL-CI4-1/vendor/codeigniter4/framework/system/CodeIgniter.php(918): App\Controllers\c_news->index()
#5 /var/www/html/PPL-CI4-1/vendor/codeigniter4/framework/system/CodeIgniter.php(404): CodeIgniter\CodeIgniter->runController()
#6 /var/www/html/PPL-CI4-1/vendor/codeigniter4/framework/system/CodeIgniter.php(312): CodeIgniter\CodeIgniter->handleRequest()
#7 /var/www/html/PPL-CI4-1/public/index.php(45): CodeIgniter\CodeIgniter->run()
#8 /var/www/html/PPL-CI4-1/vendor/codeigniter4/framework/system/Commands/Server/rewrite.php(34): require_once('/var/www/html/P...')
#9 {main}
CRITICAL - 2020-12-01 02:34:27 --> A non-numeric value encountered
#0 /var/www/html/PPL-CI4-1/app/Views/news/v_newsIndex.php(56): CodeIgniter\Debug\Exceptions->errorHandler()
#1 /var/www/html/PPL-CI4-1/vendor/codeigniter4/framework/system/View/View.php(246): include('/var/www/html/P...')
#2 /var/www/html/PPL-CI4-1/vendor/codeigniter4/framework/system/Common.php(1119): CodeIgniter\View\View->render()
#3 /var/www/html/PPL-CI4-1/app/Controllers/c_news.php(29): view()
#4 /var/www/html/PPL-CI4-1/vendor/codeigniter4/framework/system/CodeIgniter.php(918): App\Controllers\c_news->index()
#5 /var/www/html/PPL-CI4-1/vendor/codeigniter4/framework/system/CodeIgniter.php(404): CodeIgniter\CodeIgniter->runController()
#6 /var/www/html/PPL-CI4-1/vendor/codeigniter4/framework/system/CodeIgniter.php(312): CodeIgniter\CodeIgniter->handleRequest()
#7 /var/www/html/PPL-CI4-1/public/index.php(45): CodeIgniter\CodeIgniter->run()
#8 /var/www/html/PPL-CI4-1/vendor/codeigniter4/framework/system/Commands/Server/rewrite.php(34): require_once('/var/www/html/P...')
#9 {main}
CRITICAL - 2020-12-01 02:39:31 --> A non-numeric value encountered
#0 /var/www/html/PPL-CI4-1/app/Views/news/v_newsIndex.php(56): CodeIgniter\Debug\Exceptions->errorHandler()
#1 /var/www/html/PPL-CI4-1/vendor/codeigniter4/framework/system/View/View.php(246): include('/var/www/html/P...')
#2 /var/www/html/PPL-CI4-1/vendor/codeigniter4/framework/system/Common.php(1119): CodeIgniter\View\View->render()
#3 /var/www/html/PPL-CI4-1/app/Controllers/c_news.php(29): view()
#4 /var/www/html/PPL-CI4-1/vendor/codeigniter4/framework/system/CodeIgniter.php(918): App\Controllers\c_news->index()
#5 /var/www/html/PPL-CI4-1/vendor/codeigniter4/framework/system/CodeIgniter.php(404): CodeIgniter\CodeIgniter->runController()
#6 /var/www/html/PPL-CI4-1/vendor/codeigniter4/framework/system/CodeIgniter.php(312): CodeIgniter\CodeIgniter->handleRequest()
#7 /var/www/html/PPL-CI4-1/public/index.php(45): CodeIgniter\CodeIgniter->run()
#8 /var/www/html/PPL-CI4-1/vendor/codeigniter4/framework/system/Commands/Server/rewrite.php(34): require_once('/var/www/html/P...')
#9 {main}
CRITICAL - 2020-12-01 03:06:27 --> Undefined property: App\Controllers\c_news::$mewsModel
#0 /var/www/html/PPL-CI4-1/app/Controllers/c_news.php(33): CodeIgniter\Debug\Exceptions->errorHandler()
#1 /var/www/html/PPL-CI4-1/vendor/codeigniter4/framework/system/CodeIgniter.php(918): App\Controllers\c_news->detail()
#2 /var/www/html/PPL-CI4-1/vendor/codeigniter4/framework/system/CodeIgniter.php(404): CodeIgniter\CodeIgniter->runController()
#3 /var/www/html/PPL-CI4-1/vendor/codeigniter4/framework/system/CodeIgniter.php(312): CodeIgniter\CodeIgniter->handleRequest()
#4 /var/www/html/PPL-CI4-1/public/index.php(45): CodeIgniter\CodeIgniter->run()
#5 /var/www/html/PPL-CI4-1/vendor/codeigniter4/framework/system/Commands/Server/rewrite.php(34): require_once('/var/www/html/P...')
#6 {main}
CRITICAL - 2020-12-01 03:06:55 --> Undefined property: stdClass::$newTitle
#0 /var/www/html/PPL-CI4-1/app/Views/news/v_newsDetail.php(13): CodeIgniter\Debug\Exceptions->errorHandler()
#1 /var/www/html/PPL-CI4-1/vendor/codeigniter4/framework/system/View/View.php(246): include('/var/www/html/P...')
#2 /var/www/html/PPL-CI4-1/vendor/codeigniter4/framework/system/Common.php(1119): CodeIgniter\View\View->render()
#3 /var/www/html/PPL-CI4-1/app/Controllers/c_news.php(40): view()
#4 /var/www/html/PPL-CI4-1/vendor/codeigniter4/framework/system/CodeIgniter.php(918): App\Controllers\c_news->detail()
#5 /var/www/html/PPL-CI4-1/vendor/codeigniter4/framework/system/CodeIgniter.php(404): CodeIgniter\CodeIgniter->runController()
#6 /var/www/html/PPL-CI4-1/vendor/codeigniter4/framework/system/CodeIgniter.php(312): CodeIgniter\CodeIgniter->handleRequest()
#7 /var/www/html/PPL-CI4-1/public/index.php(45): CodeIgniter\CodeIgniter->run()
#8 /var/www/html/PPL-CI4-1/vendor/codeigniter4/framework/system/Commands/Server/rewrite.php(34): require_once('/var/www/html/P...')
#9 {main}
CRITICAL - 2020-12-01 03:07:11 --> Undefined property: stdClass::$newsContent
#0 /var/www/html/PPL-CI4-1/app/Views/news/v_newsDetail.php(23): CodeIgniter\Debug\Exceptions->errorHandler()
#1 /var/www/html/PPL-CI4-1/vendor/codeigniter4/framework/system/View/View.php(246): include('/var/www/html/P...')
#2 /var/www/html/PPL-CI4-1/vendor/codeigniter4/framework/system/Common.php(1119): CodeIgniter\View\View->render()
#3 /var/www/html/PPL-CI4-1/app/Controllers/c_news.php(40): view()
#4 /var/www/html/PPL-CI4-1/vendor/codeigniter4/framework/system/CodeIgniter.php(918): App\Controllers\c_news->detail()
#5 /var/www/html/PPL-CI4-1/vendor/codeigniter4/framework/system/CodeIgniter.php(404): CodeIgniter\CodeIgniter->runController()
#6 /var/www/html/PPL-CI4-1/vendor/codeigniter4/framework/system/CodeIgniter.php(312): CodeIgniter\CodeIgniter->handleRequest()
#7 /var/www/html/PPL-CI4-1/public/index.php(45): CodeIgniter\CodeIgniter->run()
#8 /var/www/html/PPL-CI4-1/vendor/codeigniter4/framework/system/Commands/Server/rewrite.php(34): require_once('/var/www/html/P...')
#9 {main}
CRITICAL - 2020-12-01 03:08:37 --> Undefined variable: scr
#0 /var/www/html/PPL-CI4-1/app/Views/news/v_newsDetail.php(22): CodeIgniter\Debug\Exceptions->errorHandler()
#1 /var/www/html/PPL-CI4-1/vendor/codeigniter4/framework/system/View/View.php(246): include('/var/www/html/P...')
#2 /var/www/html/PPL-CI4-1/vendor/codeigniter4/framework/system/Common.php(1119): CodeIgniter\View\View->render()
#3 /var/www/html/PPL-CI4-1/app/Controllers/c_news.php(40): view()
#4 /var/www/html/PPL-CI4-1/vendor/codeigniter4/framework/system/CodeIgniter.php(918): App\Controllers\c_news->detail()
#5 /var/www/html/PPL-CI4-1/vendor/codeigniter4/framework/system/CodeIgniter.php(404): CodeIgniter\CodeIgniter->runController()
#6 /var/www/html/PPL-CI4-1/vendor/codeigniter4/framework/system/CodeIgniter.php(312): CodeIgniter\CodeIgniter->handleRequest()
#7 /var/www/html/PPL-CI4-1/public/index.php(45): CodeIgniter\CodeIgniter->run()
#8 /var/www/html/PPL-CI4-1/vendor/codeigniter4/framework/system/Commands/Server/rewrite.php(34): require_once('/var/www/html/P...')
#9 {main}
CRITICAL - 2020-12-01 04:28:50 --> Undefined property: App\Controllers\c_news::$load
#0 /var/www/html/PPL-CI4-1/app/Controllers/c_news.php(58): CodeIgniter\Debug\Exceptions->errorHandler()
#1 /var/www/html/PPL-CI4-1/vendor/codeigniter4/framework/system/CodeIgniter.php(918): App\Controllers\c_news->save()
#2 /var/www/html/PPL-CI4-1/vendor/codeigniter4/framework/system/CodeIgniter.php(404): CodeIgniter\CodeIgniter->runController()
#3 /var/www/html/PPL-CI4-1/vendor/codeigniter4/framework/system/CodeIgniter.php(312): CodeIgniter\CodeIgniter->handleRequest()
#4 /var/www/html/PPL-CI4-1/public/index.php(45): CodeIgniter\CodeIgniter->run()
#5 /var/www/html/PPL-CI4-1/vendor/codeigniter4/framework/system/Commands/Server/rewrite.php(34): require_once('/var/www/html/P...')
#6 {main}
CRITICAL - 2020-12-01 04:37:36 --> The original file is not a valid file.
#0 /var/www/html/PPL-CI4-1/vendor/codeigniter4/framework/system/HTTP/Files/UploadedFile.php(172): CodeIgniter\HTTP\Exceptions\HTTPException::forInvalidFile()
#1 /var/www/html/PPL-CI4-1/app/Controllers/c_news.php(53): CodeIgniter\HTTP\Files\UploadedFile->move()
#2 /var/www/html/PPL-CI4-1/vendor/codeigniter4/framework/system/CodeIgniter.php(918): App\Controllers\c_news->save()
#3 /var/www/html/PPL-CI4-1/vendor/codeigniter4/framework/system/CodeIgniter.php(404): CodeIgniter\CodeIgniter->runController()
#4 /var/www/html/PPL-CI4-1/vendor/codeigniter4/framework/system/CodeIgniter.php(312): CodeIgniter\CodeIgniter->handleRequest()
#5 /var/www/html/PPL-CI4-1/public/index.php(45): CodeIgniter\CodeIgniter->run()
#6 /var/www/html/PPL-CI4-1/vendor/codeigniter4/framework/system/Commands/Server/rewrite.php(34): require_once('/var/www/html/P...')
#7 {main}
CRITICAL - 2020-12-01 04:38:10 --> The original file is not a valid file.
#0 /var/www/html/PPL-CI4-1/vendor/codeigniter4/framework/system/HTTP/Files/UploadedFile.php(172): CodeIgniter\HTTP\Exceptions\HTTPException::forInvalidFile()
#1 /var/www/html/PPL-CI4-1/app/Controllers/c_news.php(53): CodeIgniter\HTTP\Files\UploadedFile->move()
#2 /var/www/html/PPL-CI4-1/vendor/codeigniter4/framework/system/CodeIgniter.php(918): App\Controllers\c_news->save()
#3 /var/www/html/PPL-CI4-1/vendor/codeigniter4/framework/system/CodeIgniter.php(404): CodeIgniter\CodeIgniter->runController()
#4 /var/www/html/PPL-CI4-1/vendor/codeigniter4/framework/system/CodeIgniter.php(312): CodeIgniter\CodeIgniter->handleRequest()
#5 /var/www/html/PPL-CI4-1/public/index.php(45): CodeIgniter\CodeIgniter->run()
#6 /var/www/html/PPL-CI4-1/vendor/codeigniter4/framework/system/Commands/Server/rewrite.php(34): require_once('/var/www/html/P...')
#7 {main}
CRITICAL - 2020-12-01 04:38:28 --> The original file is not a valid file.
#0 /var/www/html/PPL-CI4-1/vendor/codeigniter4/framework/system/HTTP/Files/UploadedFile.php(172): CodeIgniter\HTTP\Exceptions\HTTPException::forInvalidFile()
#1 /var/www/html/PPL-CI4-1/app/Controllers/c_news.php(53): CodeIgniter\HTTP\Files\UploadedFile->move()
#2 /var/www/html/PPL-CI4-1/vendor/codeigniter4/framework/system/CodeIgniter.php(918): App\Controllers\c_news->save()
#3 /var/www/html/PPL-CI4-1/vendor/codeigniter4/framework/system/CodeIgniter.php(404): CodeIgniter\CodeIgniter->runController()
#4 /var/www/html/PPL-CI4-1/vendor/codeigniter4/framework/system/CodeIgniter.php(312): CodeIgniter\CodeIgniter->handleRequest()
#5 /var/www/html/PPL-CI4-1/public/index.php(45): CodeIgniter\CodeIgniter->run()
#6 /var/www/html/PPL-CI4-1/vendor/codeigniter4/framework/system/Commands/Server/rewrite.php(34): require_once('/var/www/html/P...')
#7 {main}
CRITICAL - 2020-12-01 04:52:23 --> Undefined property: CodeIgniter\View\View::$session
#0 /var/www/html/PPL-CI4-1/app/Views/layout/template.php(59): CodeIgniter\Debug\Exceptions->errorHandler()
#1 /var/www/html/PPL-CI4-1/vendor/codeigniter4/framework/system/View/View.php(246): include('/var/www/html/P...')
#2 /var/www/html/PPL-CI4-1/vendor/codeigniter4/framework/system/View/View.php(257): CodeIgniter\View\View->render()
#3 /var/www/html/PPL-CI4-1/vendor/codeigniter4/framework/system/Common.php(1119): CodeIgniter\View\View->render()
#4 /var/www/html/PPL-CI4-1/app/Controllers/c_news.php(29): view()
#5 /var/www/html/PPL-CI4-1/vendor/codeigniter4/framework/system/CodeIgniter.php(918): App\Controllers\c_news->index()
#6 /var/www/html/PPL-CI4-1/vendor/codeigniter4/framework/system/CodeIgniter.php(404): CodeIgniter\CodeIgniter->runController()
#7 /var/www/html/PPL-CI4-1/vendor/codeigniter4/framework/system/CodeIgniter.php(312): CodeIgniter\CodeIgniter->handleRequest()
#8 /var/www/html/PPL-CI4-1/public/index.php(45): CodeIgniter\CodeIgniter->run()
#9 /var/www/html/PPL-CI4-1/vendor/codeigniter4/framework/system/Commands/Server/rewrite.php(34): require_once('/var/www/html/P...')
#10 {main}
CRITICAL - 2020-12-01 04:55:37 --> Undefined variable: news
#0 /var/www/html/PPL-CI4-1/app/Views/news/v_newsIndex.php(50): CodeIgniter\Debug\Exceptions->errorHandler()
#1 /var/www/html/PPL-CI4-1/vendor/codeigniter4/framework/system/View/View.php(246): include('/var/www/html/P...')
#2 /var/www/html/PPL-CI4-1/vendor/codeigniter4/framework/system/Common.php(1119): CodeIgniter\View\View->render()
#3 /var/www/html/PPL-CI4-1/app/Controllers/c_login.php(35): view()
#4 /var/www/html/PPL-CI4-1/vendor/codeigniter4/framework/system/CodeIgniter.php(918): App\Controllers\c_login->login()
#5 /var/www/html/PPL-CI4-1/vendor/codeigniter4/framework/system/CodeIgniter.php(404): CodeIgniter\CodeIgniter->runController()
#6 /var/www/html/PPL-CI4-1/vendor/codeigniter4/framework/system/CodeIgniter.php(312): CodeIgniter\CodeIgniter->handleRequest()
#7 /var/www/html/PPL-CI4-1/public/index.php(45): CodeIgniter\CodeIgniter->run()
#8 /var/www/html/PPL-CI4-1/vendor/codeigniter4/framework/system/Commands/Server/rewrite.php(34): require_once('/var/www/html/P...')
#9 {main}
CRITICAL - 2020-12-01 05:02:38 --> The original file is not a valid file.
#0 /var/www/html/PPL-CI4-1/vendor/codeigniter4/framework/system/HTTP/Files/UploadedFile.php(172): CodeIgniter\HTTP\Exceptions\HTTPException::forInvalidFile()
#1 /var/www/html/PPL-CI4-1/app/Controllers/c_news.php(53): CodeIgniter\HTTP\Files\UploadedFile->move()
#2 /var/www/html/PPL-CI4-1/vendor/codeigniter4/framework/system/CodeIgniter.php(918): App\Controllers\c_news->save()
#3 /var/www/html/PPL-CI4-1/vendor/codeigniter4/framework/system/CodeIgniter.php(404): CodeIgniter\CodeIgniter->runController()
#4 /var/www/html/PPL-CI4-1/vendor/codeigniter4/framework/system/CodeIgniter.php(312): CodeIgniter\CodeIgniter->handleRequest()
#5 /var/www/html/PPL-CI4-1/public/index.php(45): CodeIgniter\CodeIgniter->run()
#6 /var/www/html/PPL-CI4-1/vendor/codeigniter4/framework/system/Commands/Server/rewrite.php(34): require_once('/var/www/html/P...')
#7 {main}
CRITICAL - 2020-12-01 05:02:49 --> The original file is not a valid file.
#0 /var/www/html/PPL-CI4-1/vendor/codeigniter4/framework/system/HTTP/Files/UploadedFile.php(172): CodeIgniter\HTTP\Exceptions\HTTPException::forInvalidFile()
#1 /var/www/html/PPL-CI4-1/app/Controllers/c_news.php(53): CodeIgniter\HTTP\Files\UploadedFile->move()
#2 /var/www/html/PPL-CI4-1/vendor/codeigniter4/framework/system/CodeIgniter.php(918): App\Controllers\c_news->save()
#3 /var/www/html/PPL-CI4-1/vendor/codeigniter4/framework/system/CodeIgniter.php(404): CodeIgniter\CodeIgniter->runController()
#4 /var/www/html/PPL-CI4-1/vendor/codeigniter4/framework/system/CodeIgniter.php(312): CodeIgniter\CodeIgniter->handleRequest()
#5 /var/www/html/PPL-CI4-1/public/index.php(45): CodeIgniter\CodeIgniter->run()
#6 /var/www/html/PPL-CI4-1/vendor/codeigniter4/framework/system/Commands/Server/rewrite.php(34): require_once('/var/www/html/P...')
#7 {main}
CRITICAL - 2020-12-01 05:03:07 --> The original file is not a valid file.
#0 /var/www/html/PPL-CI4-1/vendor/codeigniter4/framework/system/HTTP/Files/UploadedFile.php(172): CodeIgniter\HTTP\Exceptions\HTTPException::forInvalidFile()
#1 /var/www/html/PPL-CI4-1/app/Controllers/c_news.php(53): CodeIgniter\HTTP\Files\UploadedFile->move()
#2 /var/www/html/PPL-CI4-1/vendor/codeigniter4/framework/system/CodeIgniter.php(918): App\Controllers\c_news->save()
#3 /var/www/html/PPL-CI4-1/vendor/codeigniter4/framework/system/CodeIgniter.php(404): CodeIgniter\CodeIgniter->runController()
#4 /var/www/html/PPL-CI4-1/vendor/codeigniter4/framework/system/CodeIgniter.php(312): CodeIgniter\CodeIgniter->handleRequest()
#5 /var/www/html/PPL-CI4-1/public/index.php(45): CodeIgniter\CodeIgniter->run()
#6 /var/www/html/PPL-CI4-1/vendor/codeigniter4/framework/system/Commands/Server/rewrite.php(34): require_once('/var/www/html/P...')
#7 {main}
